# JRE version: OpenJDK Runtime Environment (17.0.6) (build 17.0.6+0-b2043.56-9586694)
# Java VM: OpenJDK 64-Bit Server VM (17.0.6+0-b2043.56-9586694, mixed mode, tiered, compressed oops, compressed class ptrs, g1 gc, windows-amd64)
GC Precious Log:
 CPUs: 4 total, 4 available
 Memory: 8058M
 Large Page Support: Disabled
 NUMA Support: Disabled
 Compressed Oops: Enabled (32-bit)
 Heap Region Size: 1M
 Heap Min Capacity: 8M
 Heap Initial Capacity: 126M
 Heap Max Capacity: 1536M
 Pre-touch: Disabled
 Parallel Workers: 4
 Concurrent Workers: 1
 Concurrent Refinement Workers: 4
 Periodic GC: Disabled
Heap:
 garbage-first heap   total 68608K, used 36861K [0x00000000a0000000, 0x0000000100000000)
  region size 1024K, 20 young (20480K), 2 survivors (2048K)
 Metaspace       used 34955K, committed 35200K, reserved 1081344K
  class space    used 4670K, committed 4800K, reserved 1048576K
GC Heap History (14 events):
Event: 2.792 GC heap before
{Heap before GC invocations=0 (full 0):
 garbage-first heap   total 129024K, used 15360K [0x00000000a0000000, 0x0000000100000000)
  region size 1024K, 13 young (13312K), 0 survivors (0K)
 Metaspace       used 7081K, committed 7232K, reserved 1056768K
  class space    used 609K, committed 704K, reserved 1048576K
}
Event: 2.801 GC heap after
{Heap after GC invocations=1 (full 0):
 garbage-first heap   total 129024K, used 3577K [0x00000000a0000000, 0x0000000100000000)
  region size 1024K, 2 young (2048K), 2 survivors (2048K)
 Metaspace       used 7081K, committed 7232K, reserved 1056768K
  class space    used 609K, committed 704K, reserved 1048576K
}
Event: 5.074 GC heap before
{Heap before GC invocations=1 (full 0):
 garbage-first heap   total 129024K, used 22009K [0x00000000a0000000, 0x0000000100000000)
  region size 1024K, 17 young (17408K), 2 survivors (2048K)
 Metaspace       used 11094K, committed 11264K, reserved 1064960K
  class space    used 1162K, committed 1280K, reserved 1048576K
}
Event: 5.081 GC heap after
{Heap after GC invocations=2 (full 0):
 garbage-first heap   total 129024K, used 9539K [0x00000000a0000000, 0x0000000100000000)
  region size 1024K, 3 young (3072K), 3 survivors (3072K)
 Metaspace       used 11094K, committed 11264K, reserved 1064960K
  class space    used 1162K, committed 1280K, reserved 1048576K
}
Event: 6.228 GC heap before
{Heap before GC invocations=2 (full 0):
 garbage-first heap   total 129024K, used 31043K [0x00000000a0000000, 0x0000000100000000)
  region size 1024K, 24 young (24576K), 3 survivors (3072K)
 Metaspace       used 11201K, committed 11392K, reserved 1064960K
  class space    used 1163K, committed 1280K, reserved 1048576K
}
Event: 6.235 GC heap after
{Heap after GC invocations=3 (full 0):
 garbage-first heap   total 129024K, used 12264K [0x00000000a0000000, 0x0000000100000000)
  region size 1024K, 3 young (3072K), 3 survivors (3072K)
 Metaspace       used 11201K, committed 11392K, reserved 1064960K
  class space    used 1163K, committed 1280K, reserved 1048576K
}
Event: 11.332 GC heap before
{Heap before GC invocations=3 (full 0):
 garbage-first heap   total 129024K, used 54248K [0x00000000a0000000, 0x0000000100000000)
  region size 1024K, 45 young (46080K), 3 survivors (3072K)
 Metaspace       used 21333K, committed 21504K, reserved 1073152K
  class space    used 2599K, committed 2688K, reserved 1048576K
}
Event: 11.346 GC heap after
{Heap after GC invocations=4 (full 0):
 garbage-first heap   total 129024K, used 17166K [0x00000000a0000000, 0x0000000100000000)
  region size 1024K, 8 young (8192K), 8 survivors (8192K)
 Metaspace       used 21333K, committed 21504K, reserved 1073152K
  class space    used 2599K, committed 2688K, reserved 1048576K
}
Event: 14.876 GC heap before
{Heap before GC invocations=5 (full 0):
 garbage-first heap   total 68608K, used 49934K [0x00000000a0000000, 0x0000000100000000)
  region size 1024K, 40 young (40960K), 8 survivors (8192K)
 Metaspace       used 26843K, committed 27136K, reserved 1073152K
  class space    used 3528K, committed 3648K, reserved 1048576K
}
Event: 14.890 GC heap after
{Heap after GC invocations=6 (full 0):
 garbage-first heap   total 68608K, used 19551K [0x00000000a0000000, 0x0000000100000000)
  region size 1024K, 3 young (3072K), 3 survivors (3072K)
 Metaspace       used 26843K, committed 27136K, reserved 1073152K
  class space    used 3528K, committed 3648K, reserved 1048576K
}
Event: 14.996 GC heap before
{Heap before GC invocations=6 (full 0):
 garbage-first heap   total 68608K, used 19551K [0x00000000a0000000, 0x0000000100000000)
  region size 1024K, 4 young (4096K), 3 survivors (3072K)
 Metaspace       used 27022K, committed 27328K, reserved 1073152K
  class space    used 3559K, committed 3712K, reserved 1048576K
}
Event: 15.003 GC heap after
{Heap after GC invocations=7 (full 0):
 garbage-first heap   total 68608K, used 19519K [0x00000000a0000000, 0x0000000100000000)
  region size 1024K, 1 young (1024K), 1 survivors (1024K)
 Metaspace       used 27022K, committed 27328K, reserved 1073152K
  class space    used 3559K, committed 3712K, reserved 1048576K
}
Event: 18.063 GC heap before
{Heap before GC invocations=7 (full 0):
 garbage-first heap   total 68608K, used 48191K [0x00000000a0000000, 0x0000000100000000)
  region size 1024K, 29 young (29696K), 1 survivors (1024K)
 Metaspace       used 31097K, committed 31424K, reserved 1081344K
  class space    used 4235K, committed 4352K, reserved 1048576K
}
Event: 18.068 GC heap after
{Heap after GC invocations=8 (full 0):
 garbage-first heap   total 68608K, used 20477K [0x00000000a0000000, 0x0000000100000000)
  region size 1024K, 2 young (2048K), 2 survivors (2048K)
 Metaspace       used 31097K, committed 31424K, reserved 1081344K
  class space    used 4235K, committed 4352K, reserved 1048576K
}

